<?xml version="1.0" encoding="UTF-8"?>
<testExecutions version="1">
  <file path="C:\Users\dell\code\bolierplate\__test__\App.test.tsx">
    <testCase name="renders learn react link" duration="23"/>
  </file>
</testExecutions>